c:\users\charlie jung\github\final-project-charlanx\obj\debug\ofxbasegui.obj
c:\users\charlie jung\github\final-project-charlanx\obj\debug\ofxguigroup.obj
c:\users\charlie jung\github\final-project-charlanx\obj\debug\collisionhelper.obj
c:\users\charlie jung\github\final-project-charlanx\obj\debug\ofxslider.obj
c:\users\charlie jung\github\final-project-charlanx\obj\debug\ofapp.obj
c:\users\charlie jung\github\final-project-charlanx\obj\debug\ofxtoggle.obj
c:\users\charlie jung\github\final-project-charlanx\obj\debug\polygon.obj
c:\users\charlie jung\github\final-project-charlanx\obj\debug\boundingbox.obj
c:\users\charlie jung\github\final-project-charlanx\obj\debug\ofxlabel.obj
c:\users\charlie jung\github\final-project-charlanx\obj\debug\ofxbutton.obj
c:\users\charlie jung\github\final-project-charlanx\obj\debug\figure.obj
c:\users\charlie jung\github\final-project-charlanx\obj\debug\ofxslidergroup.obj
c:\users\charlie jung\github\final-project-charlanx\obj\debug\triangulate.obj
c:\users\charlie jung\github\final-project-charlanx\obj\debug\ofxpanel.obj
c:\users\charlie jung\github\final-project-charlanx\obj\debug\player.obj
c:\users\charlie jung\github\final-project-charlanx\obj\debug\coordinator.obj
c:\users\charlie jung\github\final-project-charlanx\obj\debug\vc141.pdb
c:\users\charlie jung\github\final-project-charlanx\obj\debug\main.obj
c:\users\charlie jung\github\final-project-charlanx\bin\final-project-charlanx_debug.lib
c:\users\charlie jung\github\final-project-charlanx\bin\final-project-charlanx_debug.exp
c:\users\charlie jung\github\final-project-charlanx\bin\final-project-charlanx_debug.exe
c:\users\charlie jung\github\final-project-charlanx\bin\final-project-charlanx_debug.ilk
c:\users\charlie jung\github\final-project-charlanx\bin\final-project-charlanx_debug.pdb
c:\users\charlie jung\github\final-project-charlanx\obj\debug\icon.res
c:\users\charlie jung\github\final-project-charlanx\obj\debug\final-pr.7fd42df7.tlog\cl.command.1.tlog
c:\users\charlie jung\github\final-project-charlanx\obj\debug\final-pr.7fd42df7.tlog\cl.read.1.tlog
c:\users\charlie jung\github\final-project-charlanx\obj\debug\final-pr.7fd42df7.tlog\cl.write.1.tlog
c:\users\charlie jung\github\final-project-charlanx\obj\debug\final-pr.7fd42df7.tlog\final-project-charlanx.write.1u.tlog
c:\users\charlie jung\github\final-project-charlanx\obj\debug\final-pr.7fd42df7.tlog\link.command.1.tlog
c:\users\charlie jung\github\final-project-charlanx\obj\debug\final-pr.7fd42df7.tlog\link.read.1.tlog
c:\users\charlie jung\github\final-project-charlanx\obj\debug\final-pr.7fd42df7.tlog\link.write.1.tlog
c:\users\charlie jung\github\final-project-charlanx\obj\debug\final-pr.7fd42df7.tlog\rc.command.1.tlog
c:\users\charlie jung\github\final-project-charlanx\obj\debug\final-pr.7fd42df7.tlog\rc.read.1.tlog
c:\users\charlie jung\github\final-project-charlanx\obj\debug\final-pr.7fd42df7.tlog\rc.write.1.tlog
